<?xml version="1.0" encoding="UTF-8"?>
<!-- Generated by org.testng.reporters.JUnitReportReporter -->
<testsuite ignored="3" hostname="LAPTOP-RDB5TK3O" failures="0" tests="2" name="com.company.wallethub.testsuite.WalletHubTest" time="0.001" errors="1" timestamp="26 Aug 2020 01:44:36 GMT" skipped="1">
  <testcase classname="com.company.wallethub.testsuite.WalletHubTest" name="verifyProfile" time="0.001">
    <skipped/>
  </testcase> <!-- verifyProfile -->
  <testcase classname="com.company.wallethub.testsuite.WalletHubTest" name="launchBrowser" time="0.000">
    <error message="
Parameter &#039;browser&#039; is required by BeforeClass on method launchBrowser but has not been marked @Optional or defined
in C:\Users\devis\AppData\Local\Temp\testng-eclipse-182703687\testng-customsuite.xml" type="org.testng.TestNGException">
      <![CDATA[org.testng.TestNGException: 
Parameter 'browser' is required by BeforeClass on method launchBrowser but has not been marked @Optional or defined
in C:\Users\devis\AppData\Local\Temp\testng-eclipse-182703687\testng-customsuite.xml
	at org.testng.internal.Parameters.createParameters(Parameters.java:199)
	at org.testng.internal.Parameters.createParameters(Parameters.java:443)
	at org.testng.internal.Parameters.createConfigurationParameters(Parameters.java:118)
	at org.testng.internal.Invoker.invokeConfigurations(Invoker.java:203)
	at org.testng.internal.Invoker.invokeConfigurations(Invoker.java:144)
	at org.testng.internal.TestMethodWorker.invokeBeforeClassMethods(TestMethodWorker.java:169)
	at org.testng.internal.TestMethodWorker.run(TestMethodWorker.java:108)
	at org.testng.TestRunner.privateRun(TestRunner.java:756)
	at org.testng.TestRunner.run(TestRunner.java:610)
	at org.testng.SuiteRunner.runTest(SuiteRunner.java:387)
	at org.testng.SuiteRunner.runSequentially(SuiteRunner.java:382)
	at org.testng.SuiteRunner.privateRun(SuiteRunner.java:340)
	at org.testng.SuiteRunner.run(SuiteRunner.java:289)
	at org.testng.SuiteRunnerWorker.runSuite(SuiteRunnerWorker.java:52)
	at org.testng.SuiteRunnerWorker.run(SuiteRunnerWorker.java:86)
	at org.testng.TestNG.runSuitesSequentially(TestNG.java:1293)
	at org.testng.TestNG.runSuitesLocally(TestNG.java:1218)
	at org.testng.TestNG.runSuites(TestNG.java:1133)
	at org.testng.TestNG.run(TestNG.java:1104)
	at org.testng.remote.AbstractRemoteTestNG.run(AbstractRemoteTestNG.java:115)
	at org.testng.remote.RemoteTestNG.initAndRun(RemoteTestNG.java:251)
	at org.testng.remote.RemoteTestNG.main(RemoteTestNG.java:77)
]]>
    </error>
  </testcase> <!-- launchBrowser -->
  <testcase classname="com.company.wallethub.testsuite.WalletHubTest" name="verifyLogin">
    <skipped/>
  </testcase> <!-- verifyLogin -->
  <testcase classname="com.company.wallethub.testsuite.WalletHubTest" name="provideRating">
    <skipped/>
  </testcase> <!-- provideRating -->
  <testcase classname="com.company.wallethub.testsuite.WalletHubTest" name="VerifyTestInsuranceCompanyRatingPage">
    <skipped/>
  </testcase> <!-- VerifyTestInsuranceCompanyRatingPage -->
</testsuite> <!-- com.company.wallethub.testsuite.WalletHubTest -->
